# JRE version: OpenJDK Runtime Environment Temurin-21.0.11+10 (21.0.11+10) (build 21.0.11+10-LTS)
# Java VM: OpenJDK 64-Bit Server VM Temurin-21.0.11+10 (21.0.11+10-LTS, mixed mode, sharing, tiered, compressed oops, compressed class ptrs, parallel gc, windows-amd64)
GC Precious Log:
 CardTable entry size: 512
 CPUs: 8 total, 8 available
 Memory: 7940M
 Large Page Support: Disabled
 NUMA Support: Disabled
 Compressed Oops: Enabled (32-bit)
 Alignments: Space 512K, Generation 512K, Heap 2M
 Heap Min Capacity: 100M
 Heap Initial Capacity: 100M
 Heap Max Capacity: 2G
 Pre-touch: Disabled
 Parallel Workers: 8
Heap:
 PSYoungGen      total 2048K, used 955K [0x00000000d5580000, 0x00000000d5880000, 0x0000000100000000)
  eden space 1536K, 38% used [0x00000000d5580000,0x00000000d5612c40,0x00000000d5700000)
  from space 512K, 71% used [0x00000000d5800000,0x00000000d585c030,0x00000000d5880000)
  to   space 512K, 0% used [0x00000000d5780000,0x00000000d5780000,0x00000000d5800000)
 ParOldGen       total 180224K, used 179981K [0x0000000080000000, 0x000000008b000000, 0x00000000d5580000)
  object space 180224K, 99% used [0x0000000080000000,0x000000008afc37c8,0x000000008b000000)
 Metaspace       used 100305K, committed 102400K, reserved 1179648K
  class space    used 10504K, committed 11456K, reserved 1048576K
GC Heap History (20 events):
Event: 76138.142 GC heap before
{Heap before GC invocations=2304 (full 6):
 PSYoungGen      total 2048K, used 1869K [0x00000000d5580000, 0x00000000d5880000, 0x0000000100000000)
  eden space 1536K, 93% used [0x00000000d5580000,0x00000000d56e7608,0x00000000d5700000)
  from space 512K, 84% used [0x00000000d5800000,0x00000000d586c030,0x00000000d5880000)
  to   space 512K, 0% used [0x00000000d5780000,0x00000000d5780000,0x00000000d5800000)
 ParOldGen       total 178688K, used 178477K [0x0000000080000000, 0x000000008ae80000, 0x00000000d5580000)
  object space 178688K, 99% used [0x0000000080000000,0x000000008ae4b690,0x000000008ae80000)
 Metaspace       used 100301K, committed 102400K, reserved 1179648K
  class space    used 10504K, committed 11456K, reserved 1048576K
}
Event: 76138.146 GC heap after
{Heap after GC invocations=2304 (full 6):
 PSYoungGen      total 2048K, used 420K [0x00000000d5580000, 0x00000000d5880000, 0x0000000100000000)
  eden space 1536K, 0% used [0x00000000d5580000,0x00000000d5580000,0x00000000d5700000)
  from space 512K, 82% used [0x00000000d5780000,0x00000000d57e90c8,0x00000000d5800000)
  to   space 512K, 0% used [0x00000000d5800000,0x00000000d5800000,0x00000000d5880000)
 ParOldGen       total 179200K, used 178805K [0x0000000080000000, 0x000000008af00000, 0x00000000d5580000)
  object space 179200K, 99% used [0x0000000080000000,0x000000008ae9d6c0,0x000000008af00000)
 Metaspace       used 100301K, committed 102400K, reserved 1179648K
  class space    used 10504K, committed 11456K, reserved 1048576K
}
Event: 76140.865 GC heap before
{Heap before GC invocations=2305 (full 6):
 PSYoungGen      total 2048K, used 1880K [0x00000000d5580000, 0x00000000d5880000, 0x0000000100000000)
  eden space 1536K, 95% used [0x00000000d5580000,0x00000000d56ed1c0,0x00000000d5700000)
  from space 512K, 82% used [0x00000000d5780000,0x00000000d57e90c8,0x00000000d5800000)
  to   space 512K, 0% used [0x00000000d5800000,0x00000000d5800000,0x00000000d5880000)
 ParOldGen       total 179200K, used 178805K [0x0000000080000000, 0x000000008af00000, 0x00000000d5580000)
  object space 179200K, 99% used [0x0000000080000000,0x000000008ae9d6c0,0x000000008af00000)
 Metaspace       used 100301K, committed 102400K, reserved 1179648K
  class space    used 10504K, committed 11456K, reserved 1048576K
}
Event: 76140.869 GC heap after
{Heap after GC invocations=2305 (full 6):
 PSYoungGen      total 2048K, used 128K [0x00000000d5580000, 0x00000000d5880000, 0x0000000100000000)
  eden space 1536K, 0% used [0x00000000d5580000,0x00000000d5580000,0x00000000d5700000)
  from space 512K, 25% used [0x00000000d5800000,0x00000000d5820000,0x00000000d5880000)
  to   space 512K, 0% used [0x00000000d5780000,0x00000000d5780000,0x00000000d5800000)
 ParOldGen       total 179200K, used 178829K [0x0000000080000000, 0x000000008af00000, 0x00000000d5580000)
  object space 179200K, 99% used [0x0000000080000000,0x000000008aea36c0,0x000000008af00000)
 Metaspace       used 100301K, committed 102400K, reserved 1179648K
  class space    used 10504K, committed 11456K, reserved 1048576K
}
Event: 76141.855 GC heap before
{Heap before GC invocations=2306 (full 6):
 PSYoungGen      total 2048K, used 1642K [0x00000000d5580000, 0x00000000d5880000, 0x0000000100000000)
  eden space 1536K, 98% used [0x00000000d5580000,0x00000000d56faa10,0x00000000d5700000)
  from space 512K, 25% used [0x00000000d5800000,0x00000000d5820000,0x00000000d5880000)
  to   space 512K, 0% used [0x00000000d5780000,0x00000000d5780000,0x00000000d5800000)
 ParOldGen       total 179200K, used 178829K [0x0000000080000000, 0x000000008af00000, 0x00000000d5580000)
  object space 179200K, 99% used [0x0000000080000000,0x000000008aea36c0,0x000000008af00000)
 Metaspace       used 100301K, committed 102400K, reserved 1179648K
  class space    used 10504K, committed 11456K, reserved 1048576K
}
Event: 76141.857 GC heap after
{Heap after GC invocations=2306 (full 6):
 PSYoungGen      total 2048K, used 160K [0x00000000d5580000, 0x00000000d5880000, 0x0000000100000000)
  eden space 1536K, 0% used [0x00000000d5580000,0x00000000d5580000,0x00000000d5700000)
  from space 512K, 31% used [0x00000000d5780000,0x00000000d57a8000,0x00000000d5800000)
  to   space 512K, 0% used [0x00000000d5800000,0x00000000d5800000,0x00000000d5880000)
 ParOldGen       total 179200K, used 178861K [0x0000000080000000, 0x000000008af00000, 0x00000000d5580000)
  object space 179200K, 99% used [0x0000000080000000,0x000000008aeab6c0,0x000000008af00000)
 Metaspace       used 100301K, committed 102400K, reserved 1179648K
  class space    used 10504K, committed 11456K, reserved 1048576K
}
Event: 76143.050 GC heap before
{Heap before GC invocations=2307 (full 6):
 PSYoungGen      total 2048K, used 1685K [0x00000000d5580000, 0x00000000d5880000, 0x0000000100000000)
  eden space 1536K, 99% used [0x00000000d5580000,0x00000000d56fd5c8,0x00000000d5700000)
  from space 512K, 31% used [0x00000000d5780000,0x00000000d57a8000,0x00000000d5800000)
  to   space 512K, 0% used [0x00000000d5800000,0x00000000d5800000,0x00000000d5880000)
 ParOldGen       total 179200K, used 178861K [0x0000000080000000, 0x000000008af00000, 0x00000000d5580000)
  object space 179200K, 99% used [0x0000000080000000,0x000000008aeab6c0,0x000000008af00000)
 Metaspace       used 100301K, committed 102400K, reserved 1179648K
  class space    used 10504K, committed 11456K, reserved 1048576K
}
Event: 76143.051 GC heap after
{Heap after GC invocations=2307 (full 6):
 PSYoungGen      total 2048K, used 224K [0x00000000d5580000, 0x00000000d5880000, 0x0000000100000000)
  eden space 1536K, 0% used [0x00000000d5580000,0x00000000d5580000,0x00000000d5700000)
  from space 512K, 43% used [0x00000000d5800000,0x00000000d5838000,0x00000000d5880000)
  to   space 512K, 0% used [0x00000000d5780000,0x00000000d5780000,0x00000000d5800000)
 ParOldGen       total 179200K, used 178901K [0x0000000080000000, 0x000000008af00000, 0x00000000d5580000)
  object space 179200K, 99% used [0x0000000080000000,0x000000008aeb56c0,0x000000008af00000)
 Metaspace       used 100301K, committed 102400K, reserved 1179648K
  class space    used 10504K, committed 11456K, reserved 1048576K
}
Event: 76145.638 GC heap before
{Heap before GC invocations=2308 (full 6):
 PSYoungGen      total 2048K, used 1642K [0x00000000d5580000, 0x00000000d5880000, 0x0000000100000000)
  eden space 1536K, 92% used [0x00000000d5580000,0x00000000d56e29e8,0x00000000d5700000)
  from space 512K, 43% used [0x00000000d5800000,0x00000000d5838000,0x00000000d5880000)
  to   space 512K, 0% used [0x00000000d5780000,0x00000000d5780000,0x00000000d5800000)
 ParOldGen       total 179200K, used 178901K [0x0000000080000000, 0x000000008af00000, 0x00000000d5580000)
  object space 179200K, 99% used [0x0000000080000000,0x000000008aeb56c0,0x000000008af00000)
 Metaspace       used 100301K, committed 102400K, reserved 1179648K
  class space    used 10504K, committed 11456K, reserved 1048576K
}
Event: 76145.639 GC heap after
{Heap after GC invocations=2308 (full 6):
 PSYoungGen      total 2048K, used 192K [0x00000000d5580000, 0x00000000d5880000, 0x0000000100000000)
  eden space 1536K, 0% used [0x00000000d5580000,0x00000000d5580000,0x00000000d5700000)
  from space 512K, 37% used [0x00000000d5780000,0x00000000d57b0000,0x00000000d5800000)
  to   space 512K, 0% used [0x00000000d5800000,0x00000000d5800000,0x00000000d5880000)
 ParOldGen       total 179200K, used 178925K [0x0000000080000000, 0x000000008af00000, 0x00000000d5580000)
  object space 179200K, 99% used [0x0000000080000000,0x000000008aebb6c0,0x000000008af00000)
 Metaspace       used 100301K, committed 102400K, reserved 1179648K
  class space    used 10504K, committed 11456K, reserved 1048576K
}
Event: 76146.229 GC heap before
{Heap before GC invocations=2309 (full 6):
 PSYoungGen      total 2048K, used 1724K [0x00000000d5580000, 0x00000000d5880000, 0x0000000100000000)
  eden space 1536K, 99% used [0x00000000d5580000,0x00000000d56ff008,0x00000000d5700000)
  from space 512K, 37% used [0x00000000d5780000,0x00000000d57b0000,0x00000000d5800000)
  to   space 512K, 0% used [0x00000000d5800000,0x00000000d5800000,0x00000000d5880000)
 ParOldGen       total 180224K, used 179701K [0x0000000080000000, 0x000000008b000000, 0x00000000d5580000)
  object space 180224K, 99% used [0x0000000080000000,0x000000008af7d7c8,0x000000008b000000)
 Metaspace       used 100301K, committed 102400K, reserved 1179648K
  class space    used 10504K, committed 11456K, reserved 1048576K
}
Event: 76146.230 GC heap after
{Heap after GC invocations=2309 (full 6):
 PSYoungGen      total 2048K, used 352K [0x00000000d5580000, 0x00000000d5880000, 0x0000000100000000)
  eden space 1536K, 0% used [0x00000000d5580000,0x00000000d5580000,0x00000000d5700000)
  from space 512K, 68% used [0x00000000d5800000,0x00000000d58583f0,0x00000000d5880000)
  to   space 512K, 0% used [0x00000000d5780000,0x00000000d5780000,0x00000000d5800000)
 ParOldGen       total 180224K, used 179741K [0x0000000080000000, 0x000000008b000000, 0x00000000d5580000)
  object space 180224K, 99% used [0x0000000080000000,0x000000008af877c8,0x000000008b000000)
 Metaspace       used 100301K, committed 102400K, reserved 1179648K
  class space    used 10504K, committed 11456K, reserved 1048576K
}
Event: 76149.815 GC heap before
{Heap before GC invocations=2310 (full 6):
 PSYoungGen      total 2048K, used 1875K [0x00000000d5580000, 0x00000000d5880000, 0x0000000100000000)
  eden space 1536K, 99% used [0x00000000d5580000,0x00000000d56fcb38,0x00000000d5700000)
  from space 512K, 68% used [0x00000000d5800000,0x00000000d58583f0,0x00000000d5880000)
  to   space 512K, 0% used [0x00000000d5780000,0x00000000d5780000,0x00000000d5800000)
 ParOldGen       total 180224K, used 179741K [0x0000000080000000, 0x000000008b000000, 0x00000000d5580000)
  object space 180224K, 99% used [0x0000000080000000,0x000000008af877c8,0x000000008b000000)
 Metaspace       used 100301K, committed 102400K, reserved 1179648K
  class space    used 10504K, committed 11456K, reserved 1048576K
}
Event: 76149.817 GC heap after
{Heap after GC invocations=2310 (full 6):
 PSYoungGen      total 2048K, used 224K [0x00000000d5580000, 0x00000000d5880000, 0x0000000100000000)
  eden space 1536K, 0% used [0x00000000d5580000,0x00000000d5580000,0x00000000d5700000)
  from space 512K, 43% used [0x00000000d5780000,0x00000000d57b8000,0x00000000d5800000)
  to   space 512K, 0% used [0x00000000d5800000,0x00000000d5800000,0x00000000d5880000)
 ParOldGen       total 180224K, used 179789K [0x0000000080000000, 0x000000008b000000, 0x00000000d5580000)
  object space 180224K, 99% used [0x0000000080000000,0x000000008af937c8,0x000000008b000000)
 Metaspace       used 100301K, committed 102400K, reserved 1179648K
  class space    used 10504K, committed 11456K, reserved 1048576K
}
Event: 76151.915 GC heap before
{Heap before GC invocations=2311 (full 6):
 PSYoungGen      total 2048K, used 1760K [0x00000000d5580000, 0x00000000d5880000, 0x0000000100000000)
  eden space 1536K, 100% used [0x00000000d5580000,0x00000000d5700000,0x00000000d5700000)
  from space 512K, 43% used [0x00000000d5780000,0x00000000d57b8000,0x00000000d5800000)
  to   space 512K, 0% used [0x00000000d5800000,0x00000000d5800000,0x00000000d5880000)
 ParOldGen       total 180224K, used 179789K [0x0000000080000000, 0x000000008b000000, 0x00000000d5580000)
  object space 180224K, 99% used [0x0000000080000000,0x000000008af937c8,0x000000008b000000)
 Metaspace       used 100301K, committed 102400K, reserved 1179648K
  class space    used 10504K, committed 11456K, reserved 1048576K
}
Event: 76151.917 GC heap after
{Heap after GC invocations=2311 (full 6):
 PSYoungGen      total 2048K, used 256K [0x00000000d5580000, 0x00000000d5880000, 0x0000000100000000)
  eden space 1536K, 0% used [0x00000000d5580000,0x00000000d5580000,0x00000000d5700000)
  from space 512K, 50% used [0x00000000d5800000,0x00000000d5840000,0x00000000d5880000)
  to   space 512K, 0% used [0x00000000d5780000,0x00000000d5780000,0x00000000d5800000)
 ParOldGen       total 180224K, used 179829K [0x0000000080000000, 0x000000008b000000, 0x00000000d5580000)
  object space 180224K, 99% used [0x0000000080000000,0x000000008af9d7c8,0x000000008b000000)
 Metaspace       used 100301K, committed 102400K, reserved 1179648K
  class space    used 10504K, committed 11456K, reserved 1048576K
}
Event: 76152.126 GC heap before
{Heap before GC invocations=2312 (full 6):
 PSYoungGen      total 2048K, used 1792K [0x00000000d5580000, 0x00000000d5880000, 0x0000000100000000)
  eden space 1536K, 100% used [0x00000000d5580000,0x00000000d5700000,0x00000000d5700000)
  from space 512K, 50% used [0x00000000d5800000,0x00000000d5840000,0x00000000d5880000)
  to   space 512K, 0% used [0x00000000d5780000,0x00000000d5780000,0x00000000d5800000)
 ParOldGen       total 180224K, used 179829K [0x0000000080000000, 0x000000008b000000, 0x00000000d5580000)
  object space 180224K, 99% used [0x0000000080000000,0x000000008af9d7c8,0x000000008b000000)
 Metaspace       used 100301K, committed 102400K, reserved 1179648K
  class space    used 10504K, committed 11456K, reserved 1048576K
}
Event: 76152.128 GC heap after
{Heap after GC invocations=2312 (full 6):
 PSYoungGen      total 2048K, used 256K [0x00000000d5580000, 0x00000000d5880000, 0x0000000100000000)
  eden space 1536K, 0% used [0x00000000d5580000,0x00000000d5580000,0x00000000d5700000)
  from space 512K, 50% used [0x00000000d5780000,0x00000000d57c0000,0x00000000d5800000)
  to   space 512K, 0% used [0x00000000d5800000,0x00000000d5800000,0x00000000d5880000)
 ParOldGen       total 180224K, used 179909K [0x0000000080000000, 0x000000008b000000, 0x00000000d5580000)
  object space 180224K, 99% used [0x0000000080000000,0x000000008afb17c8,0x000000008b000000)
 Metaspace       used 100301K, committed 102400K, reserved 1179648K
  class space    used 10504K, committed 11456K, reserved 1048576K
}
Event: 76152.441 GC heap before
{Heap before GC invocations=2313 (full 6):
 PSYoungGen      total 2048K, used 1789K [0x00000000d5580000, 0x00000000d5880000, 0x0000000100000000)
  eden space 1536K, 99% used [0x00000000d5580000,0x00000000d56ff498,0x00000000d5700000)
  from space 512K, 50% used [0x00000000d5780000,0x00000000d57c0000,0x00000000d5800000)
  to   space 512K, 0% used [0x00000000d5800000,0x00000000d5800000,0x00000000d5880000)
 ParOldGen       total 180224K, used 179909K [0x0000000080000000, 0x000000008b000000, 0x00000000d5580000)
  object space 180224K, 99% used [0x0000000080000000,0x000000008afb17c8,0x000000008b000000)
 Metaspace       used 100303K, committed 102400K, reserved 1179648K
  class space    used 10504K, committed 11456K, reserved 1048576K
}
Event: 76152.444 GC heap after
{Heap after GC invocations=2313 (full 6):
 PSYoungGen      total 2048K, used 368K [0x00000000d5580000, 0x00000000d5880000, 0x0000000100000000)
  eden space 1536K, 0% used [0x00000000d5580000,0x00000000d5580000,0x00000000d5700000)
  from space 512K, 71% used [0x00000000d5800000,0x00000000d585c030,0x00000000d5880000)
  to   space 512K, 0% used [0x00000000d5780000,0x00000000d5780000,0x00000000d5800000)
 ParOldGen       total 180224K, used 179981K [0x0000000080000000, 0x000000008b000000, 0x00000000d5580000)
  object space 180224K, 99% used [0x0000000080000000,0x000000008afc37c8,0x000000008b000000)
 Metaspace       used 100303K, committed 102400K, reserved 1179648K
  class space    used 10504K, committed 11456K, reserved 1048576K
}

